<?xml version="1.0" encoding="UTF-8"?>
<testng-results ignored="0" total="15" passed="14" failed="1" skipped="0">
  <reporter-output>
  </reporter-output>
  <suite started-at="2024-08-29T16:10:00 IST" name="Registration Tests Suite" finished-at="2024-08-29T16:21:26 IST" duration-ms="686379">
    <groups>
    </groups>
    <test started-at="2024-08-29T16:10:00 IST" name="Registration Tests" finished-at="2024-08-29T16:21:26 IST" duration-ms="686379">
      <class name="tests.StackTests">
        <test-method is-config="true" signature="setUp(java.lang.String)[pri:0, instance:tests.StackTests@53941c2f]" started-at="2024-08-29T16:13:46 IST" name="setUp" finished-at="2024-08-29T16:14:17 IST" duration-ms="30599" status="PASS">
          <params>
            <param index="0">
              <value>
                <![CDATA[chrome]]>
              </value>
            </param>
          </params>
          <reporter-output>
          </reporter-output>
        </test-method> <!-- setUp -->
        <test-method signature="verifyInvalidPythonCodeExecutionInStackTryEditor()[pri:0, instance:tests.StackTests@53941c2f]" started-at="2024-08-29T16:14:17 IST" name="verifyInvalidPythonCodeExecutionInStackTryEditor" finished-at="2024-08-29T16:15:19 IST" duration-ms="61989" status="PASS">
          <reporter-output>
          </reporter-output>
        </test-method> <!-- verifyInvalidPythonCodeExecutionInStackTryEditor -->
        <test-method is-config="true" signature="tearDown()[pri:0, instance:tests.StackTests@53941c2f]" started-at="2024-08-29T16:15:19 IST" name="tearDown" finished-at="2024-08-29T16:15:19 IST" duration-ms="106" status="PASS">
          <reporter-output>
          </reporter-output>
        </test-method> <!-- tearDown -->
        <test-method is-config="true" signature="setUp(java.lang.String)[pri:0, instance:tests.StackTests@53941c2f]" started-at="2024-08-29T16:15:19 IST" name="setUp" finished-at="2024-08-29T16:15:51 IST" duration-ms="32258" status="PASS">
          <params>
            <param index="0">
              <value>
                <![CDATA[chrome]]>
              </value>
            </param>
          </params>
          <reporter-output>
          </reporter-output>
        </test-method> <!-- setUp -->
        <test-method signature="verifyUserCanAccessTryEditorInOperationsInStack()[pri:0, instance:tests.StackTests@53941c2f]" started-at="2024-08-29T16:15:51 IST" name="verifyUserCanAccessTryEditorInOperationsInStack" finished-at="2024-08-29T16:16:54 IST" duration-ms="62984" status="PASS">
          <reporter-output>
          </reporter-output>
        </test-method> <!-- verifyUserCanAccessTryEditorInOperationsInStack -->
        <test-method is-config="true" signature="tearDown()[pri:0, instance:tests.StackTests@53941c2f]" started-at="2024-08-29T16:16:54 IST" name="tearDown" finished-at="2024-08-29T16:16:54 IST" duration-ms="103" status="PASS">
          <reporter-output>
          </reporter-output>
        </test-method> <!-- tearDown -->
        <test-method is-config="true" signature="setUp(java.lang.String)[pri:0, instance:tests.StackTests@53941c2f]" started-at="2024-08-29T16:16:54 IST" name="setUp" finished-at="2024-08-29T16:17:25 IST" duration-ms="30422" status="PASS">
          <params>
            <param index="0">
              <value>
                <![CDATA[chrome]]>
              </value>
            </param>
          </params>
          <reporter-output>
          </reporter-output>
        </test-method> <!-- setUp -->
        <test-method signature="verifyUserCanNavigateToApplicationsPage()[pri:0, instance:tests.StackTests@53941c2f]" started-at="2024-08-29T16:17:25 IST" name="verifyUserCanNavigateToApplicationsPage" finished-at="2024-08-29T16:17:28 IST" duration-ms="3358" status="PASS">
          <reporter-output>
          </reporter-output>
        </test-method> <!-- verifyUserCanNavigateToApplicationsPage -->
        <test-method is-config="true" signature="tearDown()[pri:0, instance:tests.StackTests@53941c2f]" started-at="2024-08-29T16:17:28 IST" name="tearDown" finished-at="2024-08-29T16:17:28 IST" duration-ms="94" status="PASS">
          <reporter-output>
          </reporter-output>
        </test-method> <!-- tearDown -->
        <test-method is-config="true" signature="setUp(java.lang.String)[pri:0, instance:tests.StackTests@53941c2f]" started-at="2024-08-29T16:17:28 IST" name="setUp" finished-at="2024-08-29T16:17:58 IST" duration-ms="30076" status="PASS">
          <params>
            <param index="0">
              <value>
                <![CDATA[chrome]]>
              </value>
            </param>
          </params>
          <reporter-output>
          </reporter-output>
        </test-method> <!-- setUp -->
        <test-method signature="verifyUserCanNavigateToImplementationPage()[pri:0, instance:tests.StackTests@53941c2f]" started-at="2024-08-29T16:17:58 IST" name="verifyUserCanNavigateToImplementationPage" finished-at="2024-08-29T16:18:01 IST" duration-ms="2794" status="PASS">
          <reporter-output>
          </reporter-output>
        </test-method> <!-- verifyUserCanNavigateToImplementationPage -->
        <test-method is-config="true" signature="tearDown()[pri:0, instance:tests.StackTests@53941c2f]" started-at="2024-08-29T16:18:01 IST" name="tearDown" finished-at="2024-08-29T16:18:01 IST" duration-ms="86" status="PASS">
          <reporter-output>
          </reporter-output>
        </test-method> <!-- tearDown -->
        <test-method is-config="true" signature="setUp(java.lang.String)[pri:0, instance:tests.StackTests@53941c2f]" started-at="2024-08-29T16:18:01 IST" name="setUp" finished-at="2024-08-29T16:18:27 IST" duration-ms="25597" status="PASS">
          <params>
            <param index="0">
              <value>
                <![CDATA[chrome]]>
              </value>
            </param>
          </params>
          <reporter-output>
          </reporter-output>
        </test-method> <!-- setUp -->
        <test-method signature="verifyUserCanNavigateToOperationsInStack()[pri:0, instance:tests.StackTests@53941c2f]" started-at="2024-08-29T16:18:27 IST" name="verifyUserCanNavigateToOperationsInStack" finished-at="2024-08-29T16:18:31 IST" duration-ms="4781" status="PASS">
          <reporter-output>
          </reporter-output>
        </test-method> <!-- verifyUserCanNavigateToOperationsInStack -->
        <test-method is-config="true" signature="tearDown()[pri:0, instance:tests.StackTests@53941c2f]" started-at="2024-08-29T16:18:31 IST" name="tearDown" finished-at="2024-08-29T16:18:32 IST" duration-ms="88" status="PASS">
          <reporter-output>
          </reporter-output>
        </test-method> <!-- tearDown -->
        <test-method is-config="true" signature="setUp(java.lang.String)[pri:0, instance:tests.StackTests@53941c2f]" started-at="2024-08-29T16:18:32 IST" name="setUp" finished-at="2024-08-29T16:18:59 IST" duration-ms="27720" status="PASS">
          <params>
            <param index="0">
              <value>
                <![CDATA[chrome]]>
              </value>
            </param>
          </params>
          <reporter-output>
          </reporter-output>
        </test-method> <!-- setUp -->
        <test-method signature="verifyUserCanNavigateToPracticeQuestionsPage()[pri:0, instance:tests.StackTests@53941c2f]" started-at="2024-08-29T16:18:59 IST" name="verifyUserCanNavigateToPracticeQuestionsPage" finished-at="2024-08-29T16:19:05 IST" duration-ms="6041" status="PASS">
          <reporter-output>
          </reporter-output>
        </test-method> <!-- verifyUserCanNavigateToPracticeQuestionsPage -->
        <test-method is-config="true" signature="tearDown()[pri:0, instance:tests.StackTests@53941c2f]" started-at="2024-08-29T16:19:05 IST" name="tearDown" finished-at="2024-08-29T16:19:05 IST" duration-ms="89" status="PASS">
          <reporter-output>
          </reporter-output>
        </test-method> <!-- tearDown -->
        <test-method is-config="true" signature="setUp(java.lang.String)[pri:0, instance:tests.StackTests@53941c2f]" started-at="2024-08-29T16:19:05 IST" name="setUp" finished-at="2024-08-29T16:19:32 IST" duration-ms="26381" status="PASS">
          <params>
            <param index="0">
              <value>
                <![CDATA[chrome]]>
              </value>
            </param>
          </params>
          <reporter-output>
          </reporter-output>
        </test-method> <!-- setUp -->
        <test-method signature="verifyValidPythonCodeExecutionInStackTryEditor()[pri:0, instance:tests.StackTests@53941c2f]" started-at="2024-08-29T16:19:32 IST" name="verifyValidPythonCodeExecutionInStackTryEditor" finished-at="2024-08-29T16:21:26 IST" duration-ms="114368" status="PASS">
          <reporter-output>
          </reporter-output>
        </test-method> <!-- verifyValidPythonCodeExecutionInStackTryEditor -->
        <test-method is-config="true" signature="tearDown()[pri:0, instance:tests.StackTests@53941c2f]" started-at="2024-08-29T16:21:26 IST" name="tearDown" finished-at="2024-08-29T16:21:26 IST" duration-ms="113" status="PASS">
          <reporter-output>
          </reporter-output>
        </test-method> <!-- tearDown -->
      </class> <!-- tests.StackTests -->
      <class name="tests.RegisterTests">
        <test-method is-config="true" signature="setUp(java.lang.String)[pri:0, instance:tests.RegisterTests@1e097d59]" started-at="2024-08-29T16:10:01 IST" name="setUp" finished-at="2024-08-29T16:10:08 IST" duration-ms="7172" status="PASS">
          <params>
            <param index="0">
              <value>
                <![CDATA[chrome]]>
              </value>
            </param>
          </params>
          <reporter-output>
          </reporter-output>
        </test-method> <!-- setUp -->
        <test-method is-config="true" signature="setUp()[pri:0, instance:tests.RegisterTests@1e097d59]" started-at="2024-08-29T16:10:08 IST" name="setUp" finished-at="2024-08-29T16:10:08 IST" duration-ms="8" status="PASS">
          <reporter-output>
          </reporter-output>
        </test-method> <!-- setUp -->
        <test-method signature="testUserRegistration(java.lang.String,java.lang.String,java.lang.String)[pri:0, instance:tests.RegisterTests@1e097d59]" started-at="2024-08-29T16:10:08 IST" name="testUserRegistration" data-provider="registrationData" finished-at="2024-08-29T16:10:35 IST" duration-ms="26657" status="FAIL">
          <params>
            <param index="0">
              <value>
                <![CDATA[http://dsportalapp.herokuapp.com/]]>
              </value>
            </param>
            <param index="1">
              <value>
                <![CDATA[nuhasdfnh]]>
              </value>
            </param>
            <param index="2">
              <value>
                <![CDATA[tzynumhim]]>
              </value>
            </param>
          </params>
          <exception class="java.lang.AssertionError">
            <message>
              <![CDATA[expected [New Account Created. You are logged in as nuhasdfnh] but found [password_mismatch:The two password fields didn’t match.]]]>
            </message>
            <full-stacktrace>
              <![CDATA[java.lang.AssertionError: expected [New Account Created. You are logged in as nuhasdfnh] but found [password_mismatch:The two password fields didn’t match.]
at org.testng.Assert.fail(Assert.java:111)
at org.testng.Assert.failNotEquals(Assert.java:1578)
at org.testng.Assert.assertEqualsImpl(Assert.java:150)
at org.testng.Assert.assertEquals(Assert.java:132)
at org.testng.Assert.assertEquals(Assert.java:656)
at org.testng.Assert.assertEquals(Assert.java:666)
at tests.RegisterTests.testUserRegistration(RegisterTests.java:85)
at java.base/jdk.internal.reflect.NativeMethodAccessorImpl.invoke0(Native Method)
at java.base/jdk.internal.reflect.NativeMethodAccessorImpl.invoke(NativeMethodAccessorImpl.java:77)
at java.base/jdk.internal.reflect.DelegatingMethodAccessorImpl.invoke(DelegatingMethodAccessorImpl.java:43)
at java.base/java.lang.reflect.Method.invoke(Method.java:568)
at org.testng.internal.invokers.MethodInvocationHelper.invokeMethod(MethodInvocationHelper.java:139)
at org.testng.internal.invokers.TestInvoker.invokeMethod(TestInvoker.java:664)
at org.testng.internal.invokers.TestInvoker.invokeTestMethod(TestInvoker.java:227)
at org.testng.internal.invokers.MethodRunner.runInSequence(MethodRunner.java:50)
at org.testng.internal.invokers.TestInvoker$MethodInvocationAgent.invoke(TestInvoker.java:957)
at org.testng.internal.invokers.TestInvoker.invokeTestMethods(TestInvoker.java:200)
at org.testng.internal.invokers.TestMethodWorker.invokeTestMethods(TestMethodWorker.java:148)
at org.testng.internal.invokers.TestMethodWorker.run(TestMethodWorker.java:128)
at java.base/java.util.ArrayList.forEach(ArrayList.java:1511)
at org.testng.TestRunner.privateRun(TestRunner.java:848)
at org.testng.TestRunner.run(TestRunner.java:621)
at org.testng.SuiteRunner.runTest(SuiteRunner.java:443)
at org.testng.SuiteRunner.runSequentially(SuiteRunner.java:437)
at org.testng.SuiteRunner.privateRun(SuiteRunner.java:397)
at org.testng.SuiteRunner.run(SuiteRunner.java:336)
at org.testng.SuiteRunnerWorker.runSuite(SuiteRunnerWorker.java:52)
at org.testng.SuiteRunnerWorker.run(SuiteRunnerWorker.java:95)
at org.testng.TestNG.runSuitesSequentially(TestNG.java:1280)
at org.testng.TestNG.runSuitesLocally(TestNG.java:1200)
at org.testng.TestNG.runSuites(TestNG.java:1114)
at org.testng.TestNG.run(TestNG.java:1082)
at org.testng.remote.AbstractRemoteTestNG.run(AbstractRemoteTestNG.java:115)
at org.testng.remote.RemoteTestNG.initAndRun(RemoteTestNG.java:251)
at org.testng.remote.RemoteTestNG.main(RemoteTestNG.java:77)
]]>
            </full-stacktrace>
          </exception> <!-- java.lang.AssertionError -->
          <reporter-output>
          </reporter-output>
        </test-method> <!-- testUserRegistration -->
        <test-method is-config="true" signature="tearDown()[pri:0, instance:tests.RegisterTests@1e097d59]" started-at="2024-08-29T16:10:35 IST" name="tearDown" finished-at="2024-08-29T16:10:35 IST" duration-ms="112" status="PASS">
          <reporter-output>
          </reporter-output>
        </test-method> <!-- tearDown -->
      </class> <!-- tests.RegisterTests -->
      <class name="tests.SigninTests">
        <test-method is-config="true" signature="setUp(java.lang.String)[pri:0, instance:tests.SigninTests@4b79ac84]" started-at="2024-08-29T16:10:35 IST" name="setUp" finished-at="2024-08-29T16:10:41 IST" duration-ms="5786" status="PASS">
          <params>
            <param index="0">
              <value>
                <![CDATA[chrome]]>
              </value>
            </param>
          </params>
          <reporter-output>
          </reporter-output>
        </test-method> <!-- setUp -->
        <test-method is-config="true" signature="setUp()[pri:0, instance:tests.SigninTests@4b79ac84]" started-at="2024-08-29T16:10:41 IST" name="setUp" finished-at="2024-08-29T16:11:03 IST" duration-ms="22004" status="PASS">
          <reporter-output>
          </reporter-output>
        </test-method> <!-- setUp -->
        <test-method signature="testSignInWithBlankPassword()[pri:0, instance:tests.SigninTests@4b79ac84]" started-at="2024-08-29T16:11:03 IST" name="testSignInWithBlankPassword" finished-at="2024-08-29T16:11:04 IST" duration-ms="1104" status="PASS">
          <reporter-output>
          </reporter-output>
        </test-method> <!-- testSignInWithBlankPassword -->
        <test-method is-config="true" signature="tearDown()[pri:0, instance:tests.SigninTests@4b79ac84]" started-at="2024-08-29T16:11:04 IST" name="tearDown" finished-at="2024-08-29T16:11:04 IST" duration-ms="110" status="PASS">
          <reporter-output>
          </reporter-output>
        </test-method> <!-- tearDown -->
        <test-method is-config="true" signature="setUp(java.lang.String)[pri:0, instance:tests.SigninTests@4b79ac84]" started-at="2024-08-29T16:11:04 IST" name="setUp" finished-at="2024-08-29T16:11:10 IST" duration-ms="5941" status="PASS">
          <params>
            <param index="0">
              <value>
                <![CDATA[chrome]]>
              </value>
            </param>
          </params>
          <reporter-output>
          </reporter-output>
        </test-method> <!-- setUp -->
        <test-method is-config="true" signature="setUp()[pri:0, instance:tests.SigninTests@4b79ac84]" started-at="2024-08-29T16:11:10 IST" name="setUp" finished-at="2024-08-29T16:11:29 IST" duration-ms="19076" status="PASS">
          <reporter-output>
          </reporter-output>
        </test-method> <!-- setUp -->
        <test-method signature="testSignInWithBlankUsername()[pri:0, instance:tests.SigninTests@4b79ac84]" started-at="2024-08-29T16:11:29 IST" name="testSignInWithBlankUsername" finished-at="2024-08-29T16:11:30 IST" duration-ms="944" status="PASS">
          <reporter-output>
          </reporter-output>
        </test-method> <!-- testSignInWithBlankUsername -->
        <test-method is-config="true" signature="tearDown()[pri:0, instance:tests.SigninTests@4b79ac84]" started-at="2024-08-29T16:11:30 IST" name="tearDown" finished-at="2024-08-29T16:11:30 IST" duration-ms="96" status="PASS">
          <reporter-output>
          </reporter-output>
        </test-method> <!-- tearDown -->
        <test-method is-config="true" signature="setUp(java.lang.String)[pri:0, instance:tests.SigninTests@4b79ac84]" started-at="2024-08-29T16:11:30 IST" name="setUp" finished-at="2024-08-29T16:11:35 IST" duration-ms="4957" status="PASS">
          <params>
            <param index="0">
              <value>
                <![CDATA[chrome]]>
              </value>
            </param>
          </params>
          <reporter-output>
          </reporter-output>
        </test-method> <!-- setUp -->
        <test-method is-config="true" signature="setUp()[pri:0, instance:tests.SigninTests@4b79ac84]" started-at="2024-08-29T16:11:35 IST" name="setUp" finished-at="2024-08-29T16:11:54 IST" duration-ms="18514" status="PASS">
          <reporter-output>
          </reporter-output>
        </test-method> <!-- setUp -->
        <test-method signature="testSignInWithBlankUsernameAndPassword()[pri:0, instance:tests.SigninTests@4b79ac84]" started-at="2024-08-29T16:11:54 IST" name="testSignInWithBlankUsernameAndPassword" finished-at="2024-08-29T16:11:54 IST" duration-ms="572" status="PASS">
          <reporter-output>
          </reporter-output>
        </test-method> <!-- testSignInWithBlankUsernameAndPassword -->
        <test-method is-config="true" signature="tearDown()[pri:0, instance:tests.SigninTests@4b79ac84]" started-at="2024-08-29T16:11:54 IST" name="tearDown" finished-at="2024-08-29T16:11:54 IST" duration-ms="102" status="PASS">
          <reporter-output>
          </reporter-output>
        </test-method> <!-- tearDown -->
        <test-method is-config="true" signature="setUp(java.lang.String)[pri:0, instance:tests.SigninTests@4b79ac84]" started-at="2024-08-29T16:11:54 IST" name="setUp" finished-at="2024-08-29T16:11:59 IST" duration-ms="4921" status="PASS">
          <params>
            <param index="0">
              <value>
                <![CDATA[chrome]]>
              </value>
            </param>
          </params>
          <reporter-output>
          </reporter-output>
        </test-method> <!-- setUp -->
        <test-method is-config="true" signature="setUp()[pri:0, instance:tests.SigninTests@4b79ac84]" started-at="2024-08-29T16:11:59 IST" name="setUp" finished-at="2024-08-29T16:12:23 IST" duration-ms="23791" status="PASS">
          <reporter-output>
          </reporter-output>
        </test-method> <!-- setUp -->
        <test-method signature="testSignInWithInvalidUsernameAndPassword()[pri:0, instance:tests.SigninTests@4b79ac84]" started-at="2024-08-29T16:12:23 IST" name="testSignInWithInvalidUsernameAndPassword" finished-at="2024-08-29T16:12:25 IST" duration-ms="1782" status="PASS">
          <reporter-output>
          </reporter-output>
        </test-method> <!-- testSignInWithInvalidUsernameAndPassword -->
        <test-method is-config="true" signature="tearDown()[pri:0, instance:tests.SigninTests@4b79ac84]" started-at="2024-08-29T16:12:25 IST" name="tearDown" finished-at="2024-08-29T16:12:25 IST" duration-ms="86" status="PASS">
          <reporter-output>
          </reporter-output>
        </test-method> <!-- tearDown -->
        <test-method is-config="true" signature="setUp(java.lang.String)[pri:0, instance:tests.SigninTests@4b79ac84]" started-at="2024-08-29T16:12:25 IST" name="setUp" finished-at="2024-08-29T16:12:30 IST" duration-ms="4890" status="PASS">
          <params>
            <param index="0">
              <value>
                <![CDATA[chrome]]>
              </value>
            </param>
          </params>
          <reporter-output>
          </reporter-output>
        </test-method> <!-- setUp -->
        <test-method is-config="true" signature="setUp()[pri:0, instance:tests.SigninTests@4b79ac84]" started-at="2024-08-29T16:12:30 IST" name="setUp" finished-at="2024-08-29T16:12:49 IST" duration-ms="19003" status="PASS">
          <reporter-output>
          </reporter-output>
        </test-method> <!-- setUp -->
        <test-method signature="testSignInWithInvalidUsernameAndValidPassword()[pri:0, instance:tests.SigninTests@4b79ac84]" started-at="2024-08-29T16:12:49 IST" name="testSignInWithInvalidUsernameAndValidPassword" finished-at="2024-08-29T16:12:51 IST" duration-ms="1572" status="PASS">
          <reporter-output>
          </reporter-output>
        </test-method> <!-- testSignInWithInvalidUsernameAndValidPassword -->
        <test-method is-config="true" signature="tearDown()[pri:0, instance:tests.SigninTests@4b79ac84]" started-at="2024-08-29T16:12:51 IST" name="tearDown" finished-at="2024-08-29T16:12:51 IST" duration-ms="92" status="PASS">
          <reporter-output>
          </reporter-output>
        </test-method> <!-- tearDown -->
        <test-method is-config="true" signature="setUp(java.lang.String)[pri:0, instance:tests.SigninTests@4b79ac84]" started-at="2024-08-29T16:12:51 IST" name="setUp" finished-at="2024-08-29T16:12:56 IST" duration-ms="5063" status="PASS">
          <params>
            <param index="0">
              <value>
                <![CDATA[chrome]]>
              </value>
            </param>
          </params>
          <reporter-output>
          </reporter-output>
        </test-method> <!-- setUp -->
        <test-method is-config="true" signature="setUp()[pri:0, instance:tests.SigninTests@4b79ac84]" started-at="2024-08-29T16:12:56 IST" name="setUp" finished-at="2024-08-29T16:13:17 IST" duration-ms="20821" status="PASS">
          <reporter-output>
          </reporter-output>
        </test-method> <!-- setUp -->
        <test-method signature="testSignInWithValidUsernameAndInvalidPassword()[pri:0, instance:tests.SigninTests@4b79ac84]" started-at="2024-08-29T16:13:17 IST" name="testSignInWithValidUsernameAndInvalidPassword" finished-at="2024-08-29T16:13:18 IST" duration-ms="1685" status="PASS">
          <reporter-output>
          </reporter-output>
        </test-method> <!-- testSignInWithValidUsernameAndInvalidPassword -->
        <test-method is-config="true" signature="tearDown()[pri:0, instance:tests.SigninTests@4b79ac84]" started-at="2024-08-29T16:13:18 IST" name="tearDown" finished-at="2024-08-29T16:13:18 IST" duration-ms="94" status="PASS">
          <reporter-output>
          </reporter-output>
        </test-method> <!-- tearDown -->
        <test-method is-config="true" signature="setUp(java.lang.String)[pri:0, instance:tests.SigninTests@4b79ac84]" started-at="2024-08-29T16:13:18 IST" name="setUp" finished-at="2024-08-29T16:13:23 IST" duration-ms="5019" status="PASS">
          <params>
            <param index="0">
              <value>
                <![CDATA[chrome]]>
              </value>
            </param>
          </params>
          <reporter-output>
          </reporter-output>
        </test-method> <!-- setUp -->
        <test-method is-config="true" signature="setUp()[pri:0, instance:tests.SigninTests@4b79ac84]" started-at="2024-08-29T16:13:23 IST" name="setUp" finished-at="2024-08-29T16:13:44 IST" duration-ms="20438" status="PASS">
          <reporter-output>
          </reporter-output>
        </test-method> <!-- setUp -->
        <test-method signature="testSignInWithValidUsernameAndPassword()[pri:0, instance:tests.SigninTests@4b79ac84]" started-at="2024-08-29T16:13:44 IST" name="testSignInWithValidUsernameAndPassword" finished-at="2024-08-29T16:13:46 IST" duration-ms="2281" status="PASS">
          <reporter-output>
          </reporter-output>
        </test-method> <!-- testSignInWithValidUsernameAndPassword -->
        <test-method is-config="true" signature="tearDown()[pri:0, instance:tests.SigninTests@4b79ac84]" started-at="2024-08-29T16:13:46 IST" name="tearDown" finished-at="2024-08-29T16:13:46 IST" duration-ms="91" status="PASS">
          <reporter-output>
          </reporter-output>
        </test-method> <!-- tearDown -->
      </class> <!-- tests.SigninTests -->
    </test> <!-- Registration Tests -->
  </suite> <!-- Registration Tests Suite -->
</testng-results>
