<?xml version="1.0" encoding="UTF-8"?>
<!-- Generated by org.testng.reporters.JUnitXMLReporter -->
<testsuite ignored="0" hostname="Dheenathayalans-MacBook-Air.local" failures="0" tests="7" name="Registration Tests" time="0.41" errors="0" timestamp="2024-08-28T19:08:31 IST">
  <testcase classname="tests.SigninTests" name="@BeforeClass setup" time="0.015">
    <failure type="java.lang.IllegalStateException" message="WebDriver is not initialized. Please call initializeDriver() first.">
      <![CDATA[java.lang.IllegalStateException: WebDriver is not initialized. Please call initializeDriver() first.
at utilities.DriverManager.getDriver(DriverManager.java:35)
at tests.SigninTests.setup(SigninTests.java:32)
at java.base/java.util.ArrayList.forEach(ArrayList.java:1511)
... Removed 25 stack frames]]>
    </failure>
  </testcase> <!-- @BeforeClass setup -->
  <testcase classname="tests.SigninTests" name="@BeforeMethod navigateToSignInPage" time="0.0">
    <skipped/>
  </testcase> <!-- @BeforeMethod navigateToSignInPage -->
  <testcase classname="tests.SigninTests" name="@BeforeMethod navigateToSignInPage" time="0.0">
    <skipped/>
  </testcase> <!-- @BeforeMethod navigateToSignInPage -->
  <testcase classname="tests.SigninTests" name="@BeforeMethod navigateToSignInPage" time="0.0">
    <skipped/>
  </testcase> <!-- @BeforeMethod navigateToSignInPage -->
  <testcase classname="tests.SigninTests" name="@BeforeMethod navigateToSignInPage" time="0.0">
    <skipped/>
  </testcase> <!-- @BeforeMethod navigateToSignInPage -->
  <testcase classname="tests.SigninTests" name="@BeforeMethod navigateToSignInPage" time="0.0">
    <skipped/>
  </testcase> <!-- @BeforeMethod navigateToSignInPage -->
  <testcase classname="tests.SigninTests" name="@BeforeMethod navigateToSignInPage" time="0.0">
    <skipped/>
  </testcase> <!-- @BeforeMethod navigateToSignInPage -->
  <testcase classname="tests.SigninTests" name="@BeforeMethod navigateToSignInPage" time="0.0">
    <skipped/>
  </testcase> <!-- @BeforeMethod navigateToSignInPage -->
  <testcase classname="tests.SigninTests" name="testSignInWithBlankPassword" time="0.0">
    <skipped/>
  </testcase> <!-- testSignInWithBlankPassword -->
  <testcase classname="tests.SigninTests" name="testSignInWithBlankUsername" time="0.0">
    <skipped/>
  </testcase> <!-- testSignInWithBlankUsername -->
  <testcase classname="tests.SigninTests" name="testSignInWithBlankUsernameAndPassword" time="0.0">
    <skipped/>
  </testcase> <!-- testSignInWithBlankUsernameAndPassword -->
  <testcase classname="tests.SigninTests" name="testSignInWithInvalidUsernameAndPassword" time="0.0">
    <skipped/>
  </testcase> <!-- testSignInWithInvalidUsernameAndPassword -->
  <testcase classname="tests.SigninTests" name="testSignInWithInvalidUsernameAndValidPassword" time="0.0">
    <skipped/>
  </testcase> <!-- testSignInWithInvalidUsernameAndValidPassword -->
  <testcase classname="tests.SigninTests" name="testSignInWithValidUsernameAndInvalidPassword" time="0.0">
    <skipped/>
  </testcase> <!-- testSignInWithValidUsernameAndInvalidPassword -->
  <testcase classname="tests.SigninTests" name="testSignInWithValidUsernameAndPassword" time="0.0">
    <skipped/>
  </testcase> <!-- testSignInWithValidUsernameAndPassword -->
</testsuite> <!-- Registration Tests -->
