<?xml version="1.0" encoding="UTF-8"?>
<!-- Generated by org.testng.reporters.JUnitReportReporter -->
<testsuite hostname="Dheenathayalans-MacBook-Air.local" failures="0" tests="8" name="tests.SigninTests" time="0.015" errors="1" timestamp="2024-08-28T19:08:32 IST" skipped="7">
  <testcase classname="tests.SigninTests" name="testSignInWithBlankUsernameAndPassword" time="0.000">
    <skipped/>
  </testcase> <!-- testSignInWithBlankUsernameAndPassword -->
  <testcase classname="tests.SigninTests" name="testSignInWithInvalidUsernameAndValidPassword" time="0.000">
    <skipped/>
  </testcase> <!-- testSignInWithInvalidUsernameAndValidPassword -->
  <testcase classname="tests.SigninTests" name="testSignInWithBlankUsername" time="0.000">
    <skipped/>
  </testcase> <!-- testSignInWithBlankUsername -->
  <testcase classname="tests.SigninTests" name="setup" time="0.015">
    <error message="WebDriver is not initialized. Please call initializeDriver() first." type="java.lang.IllegalStateException">
      <![CDATA[java.lang.IllegalStateException: WebDriver is not initialized. Please call initializeDriver() first.
at utilities.DriverManager.getDriver(DriverManager.java:35)
at tests.SigninTests.setup(SigninTests.java:32)
at java.base/jdk.internal.reflect.NativeMethodAccessorImpl.invoke0(Native Method)
at java.base/jdk.internal.reflect.NativeMethodAccessorImpl.invoke(NativeMethodAccessorImpl.java:77)
at java.base/jdk.internal.reflect.DelegatingMethodAccessorImpl.invoke(DelegatingMethodAccessorImpl.java:43)
at java.base/java.lang.reflect.Method.invoke(Method.java:568)
at org.testng.internal.invokers.MethodInvocationHelper.invokeMethod(MethodInvocationHelper.java:139)
at org.testng.internal.invokers.MethodInvocationHelper.invokeMethodConsideringTimeout(MethodInvocationHelper.java:69)
at org.testng.internal.invokers.ConfigInvoker.invokeConfigurationMethod(ConfigInvoker.java:390)
at org.testng.internal.invokers.ConfigInvoker.invokeConfigurations(ConfigInvoker.java:325)
at org.testng.internal.invokers.TestMethodWorker.invokeBeforeClassMethods(TestMethodWorker.java:180)
at org.testng.internal.invokers.TestMethodWorker.run(TestMethodWorker.java:122)
at java.base/java.util.ArrayList.forEach(ArrayList.java:1511)
at org.testng.TestRunner.privateRun(TestRunner.java:848)
at org.testng.TestRunner.run(TestRunner.java:621)
at org.testng.SuiteRunner.runTest(SuiteRunner.java:443)
at org.testng.SuiteRunner.runSequentially(SuiteRunner.java:437)
at org.testng.SuiteRunner.privateRun(SuiteRunner.java:397)
at org.testng.SuiteRunner.run(SuiteRunner.java:336)
at org.testng.SuiteRunnerWorker.runSuite(SuiteRunnerWorker.java:52)
at org.testng.SuiteRunnerWorker.run(SuiteRunnerWorker.java:95)
at org.testng.TestNG.runSuitesSequentially(TestNG.java:1280)
at org.testng.TestNG.runSuitesLocally(TestNG.java:1200)
at org.testng.TestNG.runSuites(TestNG.java:1114)
at org.testng.TestNG.run(TestNG.java:1082)
at org.testng.remote.AbstractRemoteTestNG.run(AbstractRemoteTestNG.java:115)
at org.testng.remote.RemoteTestNG.initAndRun(RemoteTestNG.java:251)
at org.testng.remote.RemoteTestNG.main(RemoteTestNG.java:77)
]]>
    </error>
  </testcase> <!-- setup -->
  <testcase classname="tests.SigninTests" name="testSignInWithBlankPassword" time="0.000">
    <skipped/>
  </testcase> <!-- testSignInWithBlankPassword -->
  <testcase classname="tests.SigninTests" name="testSignInWithInvalidUsernameAndPassword" time="0.000">
    <skipped/>
  </testcase> <!-- testSignInWithInvalidUsernameAndPassword -->
  <testcase classname="tests.SigninTests" name="testSignInWithValidUsernameAndInvalidPassword" time="0.000">
    <skipped/>
  </testcase> <!-- testSignInWithValidUsernameAndInvalidPassword -->
  <testcase classname="tests.SigninTests" name="testSignInWithValidUsernameAndPassword" time="0.000">
    <skipped/>
  </testcase> <!-- testSignInWithValidUsernameAndPassword -->
</testsuite> <!-- tests.SigninTests -->
